/opt/py3/lib/python3.11/site-packages/drf_yasg/__init__.py:2: UserWarning: pkg_resources is deprecated as an API. See https://setuptools.pypa.io/en/latest/pkg_resources.html. The pkg_resources package is slated for removal as early as 2025-11-30. Refrain from using this package or pin to Setuptools<81.
  from pkg_resources import DistributionNotFound, get_distribution
Building prefix dict from the default dictionary ...
Loading model from cache /tmp/jieba.cache
Loading model cost 0.760 seconds.
Prefix dict has been built successfully.
/opt/py3/lib/python3.11/site-packages/celery/platforms.py:841: SecurityWarning: You're running the worker with superuser privileges: this is
absolutely not recommended!

Please specify a different user using the --uid option.

User information: uid=0 euid=0 gid=0 egid=0

  warnings.warn(SecurityWarning(ROOT_DISCOURAGED.format(
 
 -------------- celery@a1f576abd726 v5.5.1 (immunity)
--- ***** ----- 
-- ******* ---- Linux-6.8.0-85-generic-x86_64-with-glibc2.41 2025-10-21 16:57:27
- *** --- * --- 
- ** ---------- [config]
- ** ---------- .> app:         MaxKB:0x73a3c462dc90
- ** ---------- .> transport:   sqla+sqlite:////opt/maxkb/app/data/celery_task/celery_db.sqlite3
- ** ---------- .> results:     sqlite:////opt/maxkb/app/data/celery_task/celery_results.sqlite3
- *** --- * --- .> concurrency: 10 (thread)
-- ******* ---- .> task events: OFF (enable -E to monitor tasks in this worker)
--- ***** ----- 
 -------------- [queues]
                .> celery           exchange=celery(direct) key=celery
                

